0 info it worked if it ends with ok
1 verbose cli [ 'C:\\Program Files\\nodejs\\node.exe',
1 verbose cli   'C:\\Program Files\\nodejs\\node_modules\\npm\\bin\\npm-cli.js',
1 verbose cli   'install' ]
2 info using npm@4.0.5
3 info using node@v7.4.0
4 silly loadCurrentTree Starting
5 silly install loadCurrentTree
6 silly install readLocalPackageData
7 silly install normalizeTree
8 silly loadCurrentTree Finishing
9 silly loadIdealTree Starting
10 silly install loadIdealTree
11 silly cloneCurrentTree Starting
12 silly install cloneCurrentTreeToIdealTree
13 silly cloneCurrentTree Finishing
14 silly loadShrinkwrap Starting
15 silly install loadShrinkwrap
16 silly loadShrinkwrap Finishing
17 silly loadAllDepsIntoIdealTree Starting
18 silly install loadAllDepsIntoIdealTree
19 silly fetchNamedPackageData node-uuid
20 silly mapToRegistry name node-uuid
21 silly mapToRegistry using default registry
22 silly mapToRegistry registry https://registry.npmjs.org/
23 silly mapToRegistry data Result {
23 silly mapToRegistry   raw: 'node-uuid',
23 silly mapToRegistry   scope: null,
23 silly mapToRegistry   escapedName: 'node-uuid',
23 silly mapToRegistry   name: 'node-uuid',
23 silly mapToRegistry   rawSpec: '',
23 silly mapToRegistry   spec: 'latest',
23 silly mapToRegistry   type: 'tag' }
24 silly mapToRegistry uri https://registry.npmjs.org/node-uuid
25 verbose request uri https://registry.npmjs.org/node-uuid
26 verbose request no auth needed
27 info attempt registry request try #1 at 1:36:20 PM
28 verbose request id 8ba10a3b5b1070dd
29 http request GET https://registry.npmjs.org/node-uuid
30 info retry will retry, error on last attempt: Error: tunneling socket could not be established, cause=write EPROTO 101057795:error:140770FC:SSL routines:SSL23_GET_SERVER_HELLO:unknown protocol:openssl\ssl\s23_clnt.c:794:
31 info attempt registry request try #2 at 1:36:30 PM
32 http request GET https://registry.npmjs.org/node-uuid
33 info retry will retry, error on last attempt: Error: tunneling socket could not be established, cause=write EPROTO 101057795:error:140770FC:SSL routines:SSL23_GET_SERVER_HELLO:unknown protocol:openssl\ssl\s23_clnt.c:794:
34 info attempt registry request try #3 at 1:37:30 PM
35 http request GET https://registry.npmjs.org/node-uuid
36 silly fetchPackageMetaData Error: tunneling socket could not be established, cause=write EPROTO 101057795:error:140770FC:SSL routines:SSL23_GET_SERVER_HELLO:unknown protocol:openssl\ssl\s23_clnt.c:794:
36 silly fetchPackageMetaData
36 silly fetchPackageMetaData     at ClientRequest.onError (C:\Program Files\nodejs\node_modules\npm\node_modules\request\node_modules\tunnel-agent\index.js:176:17)
36 silly fetchPackageMetaData     at Object.onceWrapper (events.js:290:19)
36 silly fetchPackageMetaData     at emitOne (events.js:96:13)
36 silly fetchPackageMetaData     at ClientRequest.emit (events.js:188:7)
36 silly fetchPackageMetaData     at TLSSocket.socketErrorListener (_http_client.js:309:9)
36 silly fetchPackageMetaData     at emitOne (events.js:96:13)
36 silly fetchPackageMetaData     at TLSSocket.emit (events.js:188:7)
36 silly fetchPackageMetaData     at onwriteError (_stream_writable.js:344:10)
36 silly fetchPackageMetaData     at onwrite (_stream_writable.js:362:5)
36 silly fetchPackageMetaData     at fireErrorCallbacks (net.js:471:13)
36 silly fetchPackageMetaData  error for node-uuid@^1.4.3 { Error: tunneling socket could not be established, cause=write EPROTO 101057795:error:140770FC:SSL routines:SSL23_GET_SERVER_HELLO:unknown protocol:openssl\ssl\s23_clnt.c:794:
36 silly fetchPackageMetaData
36 silly fetchPackageMetaData     at ClientRequest.onError (C:\Program Files\nodejs\node_modules\npm\node_modules\request\node_modules\tunnel-agent\index.js:176:17)
36 silly fetchPackageMetaData     at Object.onceWrapper (events.js:290:19)
36 silly fetchPackageMetaData     at emitOne (events.js:96:13)
36 silly fetchPackageMetaData     at ClientRequest.emit (events.js:188:7)
36 silly fetchPackageMetaData     at TLSSocket.socketErrorListener (_http_client.js:309:9)
36 silly fetchPackageMetaData     at emitOne (events.js:96:13)
36 silly fetchPackageMetaData     at TLSSocket.emit (events.js:188:7)
36 silly fetchPackageMetaData     at onwriteError (_stream_writable.js:344:10)
36 silly fetchPackageMetaData     at onwrite (_stream_writable.js:362:5)
36 silly fetchPackageMetaData     at fireErrorCallbacks (net.js:471:13) code: 'ECONNRESET' }
37 silly rollbackFailedOptional Starting
38 silly rollbackFailedOptional Finishing
39 silly runTopLevelLifecycles Finishing
40 silly install printInstalled
41 verbose stack Error: tunneling socket could not be established, cause=write EPROTO 101057795:error:140770FC:SSL routines:SSL23_GET_SERVER_HELLO:unknown protocol:openssl\ssl\s23_clnt.c:794:
41 verbose stack
41 verbose stack     at ClientRequest.onError (C:\Program Files\nodejs\node_modules\npm\node_modules\request\node_modules\tunnel-agent\index.js:176:17)
41 verbose stack     at Object.onceWrapper (events.js:290:19)
41 verbose stack     at emitOne (events.js:96:13)
41 verbose stack     at ClientRequest.emit (events.js:188:7)
41 verbose stack     at TLSSocket.socketErrorListener (_http_client.js:309:9)
41 verbose stack     at emitOne (events.js:96:13)
41 verbose stack     at TLSSocket.emit (events.js:188:7)
41 verbose stack     at onwriteError (_stream_writable.js:344:10)
41 verbose stack     at onwrite (_stream_writable.js:362:5)
41 verbose stack     at fireErrorCallbacks (net.js:471:13)
42 verbose cwd D:\a07752a\other-workspaces\NodeJSExpressAPIStarter\nodejs-express-api\node
43 error Windows_NT 6.1.7601
44 error argv "C:\\Program Files\\nodejs\\node.exe" "C:\\Program Files\\nodejs\\node_modules\\npm\\bin\\npm-cli.js" "install"
45 error node v7.4.0
46 error npm  v4.0.5
47 error code ECONNRESET
48 error network tunneling socket could not be established, cause=write EPROTO 101057795:error:140770FC:SSL routines:SSL23_GET_SERVER_HELLO:unknown protocol:openssl\ssl\s23_clnt.c:794:
49 error network This is most likely not a problem with npm itself
49 error network and is related to network connectivity.
49 error network In most cases you are behind a proxy or have bad network settings.
49 error network
49 error network If you are behind a proxy, please make sure that the
49 error network 'proxy' config is set properly.  See: 'npm help config'
50 verbose exit [ 1, true ]
